[2023-04-14T20:20:11.119+0000] {taskinstance.py:1090} INFO - Dependencies all met for dep_context=non-requeueable deps ti=<TaskInstance: weather_dag.retrieve_historical_weather_data_Lviv manual__2023-04-14T20:20:03.710262+00:00 [queued]>
[2023-04-14T20:20:11.186+0000] {taskinstance.py:1090} INFO - Dependencies all met for dep_context=requeueable deps ti=<TaskInstance: weather_dag.retrieve_historical_weather_data_Lviv manual__2023-04-14T20:20:03.710262+00:00 [queued]>
[2023-04-14T20:20:11.190+0000] {taskinstance.py:1288} INFO - 
--------------------------------------------------------------------------------
[2023-04-14T20:20:11.215+0000] {taskinstance.py:1289} INFO - Starting attempt 1 of 1
[2023-04-14T20:20:11.227+0000] {taskinstance.py:1290} INFO - 
--------------------------------------------------------------------------------
[2023-04-14T20:20:11.324+0000] {taskinstance.py:1309} INFO - Executing <Task(SimpleHttpOperator): retrieve_historical_weather_data_Lviv> on 2023-04-14 20:20:03.710262+00:00
[2023-04-14T20:20:11.334+0000] {standard_task_runner.py:55} INFO - Started process 15619 to run task
[2023-04-14T20:20:11.359+0000] {standard_task_runner.py:82} INFO - Running: ['***', 'tasks', 'run', 'weather_dag', 'retrieve_historical_weather_data_Lviv', 'manual__2023-04-14T20:20:03.710262+00:00', '--job-id', '613', '--raw', '--subdir', 'DAGS_FOLDER/weather_dag.py', '--cfg-path', '/tmp/tmpz88s5sr6']
[2023-04-14T20:20:11.387+0000] {standard_task_runner.py:83} INFO - Job 613: Subtask retrieve_historical_weather_data_Lviv
[2023-04-14T20:20:11.530+0000] {task_command.py:389} INFO - Running <TaskInstance: weather_dag.retrieve_historical_weather_data_Lviv manual__2023-04-14T20:20:03.710262+00:00 [running]> on host ffea11fb791c
[2023-04-14T20:20:11.613+0000] {warnings.py:110} WARNING - /home/***/.local/lib/python3.7/site-packages/***/utils/context.py:205: AirflowContextDeprecationWarning: Accessing 'execution_date' from the template is deprecated and will be removed in a future version. Please use 'data_interval_start' or 'logical_date' instead.
  warnings.warn(_create_deprecation_warning(key, self._deprecation_replacements[key]))

[2023-04-14T20:20:11.718+0000] {taskinstance.py:1518} INFO - Exporting the following env vars:
AIRFLOW_CTX_DAG_OWNER=***
AIRFLOW_CTX_DAG_ID=weather_dag
AIRFLOW_CTX_TASK_ID=retrieve_historical_weather_data_Lviv
AIRFLOW_CTX_EXECUTION_DATE=2023-04-14T20:20:03.710262+00:00
AIRFLOW_CTX_TRY_NUMBER=1
AIRFLOW_CTX_DAG_RUN_ID=manual__2023-04-14T20:20:03.710262+00:00
[2023-04-14T20:20:13.720+0000] {http.py:123} INFO - Calling HTTP method
[2023-04-14T20:20:13.757+0000] {base.py:73} INFO - Using connection ID 'weather_http_api' for task execution.
[2023-04-14T20:20:14.025+0000] {http.py:170} ERROR - HTTP error: Unauthorized
[2023-04-14T20:20:14.026+0000] {http.py:171} ERROR - {"cod":401, "message": "Please note that using One Call 3.0 requires a separate subscription to the One Call by Call plan. Learn more here https://openweathermap.org/price. If you have a valid subscription to the One Call by Call plan, but still receive this error, then please see https://openweathermap.org/faq#error401 for more info."}
[2023-04-14T20:20:14.038+0000] {taskinstance.py:1776} ERROR - Task failed with exception
Traceback (most recent call last):
  File "/home/airflow/.local/lib/python3.7/site-packages/airflow/providers/http/hooks/http.py", line 168, in check_response
    response.raise_for_status()
  File "/home/airflow/.local/lib/python3.7/site-packages/requests/models.py", line 1021, in raise_for_status
    raise HTTPError(http_error_msg, response=self)
requests.exceptions.HTTPError: 401 Client Error: Unauthorized for url: https://api.openweathermap.org/data/3.0/onecall/timemachine?lat=49.842957&lon=24.031111&appid=034a764f2b2c1c3fa00cbea1824b4e57&dt=1681503603

During handling of the above exception, another exception occurred:

Traceback (most recent call last):
  File "/home/airflow/.local/lib/python3.7/site-packages/airflow/providers/http/operators/http.py", line 125, in execute
    response = http.run(self.endpoint, self.data, self.headers, self.extra_options)
  File "/home/airflow/.local/lib/python3.7/site-packages/airflow/providers/http/hooks/http.py", line 158, in run
    return self.run_and_check(session, prepped_request, extra_options)
  File "/home/airflow/.local/lib/python3.7/site-packages/airflow/providers/http/hooks/http.py", line 211, in run_and_check
    self.check_response(response)
  File "/home/airflow/.local/lib/python3.7/site-packages/airflow/providers/http/hooks/http.py", line 172, in check_response
    raise AirflowException(str(response.status_code) + ":" + response.reason)
airflow.exceptions.AirflowException: 401:Unauthorized
[2023-04-14T20:20:14.045+0000] {taskinstance.py:1332} INFO - Marking task as FAILED. dag_id=weather_dag, task_id=retrieve_historical_weather_data_Lviv, execution_date=20230414T202003, start_date=20230414T202011, end_date=20230414T202014
[2023-04-14T20:20:14.082+0000] {standard_task_runner.py:105} ERROR - Failed to execute job 613 for task retrieve_historical_weather_data_Lviv (401:Unauthorized; 15619)
[2023-04-14T20:20:14.126+0000] {local_task_job.py:212} INFO - Task exited with return code 1
[2023-04-14T20:20:14.159+0000] {taskinstance.py:2596} INFO - 0 downstream tasks scheduled from follow-on schedule check
